<?xml version="1.0" encoding="UTF-8"?>
<testng-results ignored="0" total="1" passed="1" failed="0" skipped="0">
  <reporter-output>
  </reporter-output>
  <suite started-at="2023-10-21T10:38:21 IST" name="Default suite" finished-at="2023-10-21T10:38:37 IST" duration-ms="16796">
    <groups>
    </groups>
    <test started-at="2023-10-21T10:38:21 IST" name="Default test" finished-at="2023-10-21T10:38:37 IST" duration-ms="16796">
      <class name="practice.Test235HeadlessBrowser">
        <test-method signature="method()[pri:0, instance:practice.Test235HeadlessBrowser@65987993]" started-at="2023-10-21T10:38:21 IST" name="method" finished-at="2023-10-21T10:38:37 IST" duration-ms="16742" status="PASS">
          <reporter-output>
          </reporter-output>
        </test-method> <!-- method -->
      </class> <!-- practice.Test235HeadlessBrowser -->
    </test> <!-- Default test -->
  </suite> <!-- Default suite -->
</testng-results>
