<?xml version="1.0" encoding="UTF-8"?>
<!-- Generated by org.testng.reporters.JUnitReportReporter -->
<testsuite hostname="DESKTOP-HN7CVRU" failures="0" tests="4" name="practice.Test83" time="21.159" errors="0" timestamp="2023-08-03T08:32:40 IST" skipped="0">
  <testcase classname="practice.Test83" name="methoid1" time="15.981"/>
  <testcase classname="practice.Test83" name="methoid2" time="0.012"/>
  <testcase classname="practice.Test83" name="methoid3" time="5.030"/>
  <testcase classname="practice.Test83" name="methoid4" time="0.136"/>
</testsuite> <!-- practice.Test83 -->
