<?xml version="1.0" encoding="UTF-8"?>
<!-- Generated by org.testng.reporters.JUnitReportReporter -->
<testsuite hostname="DESKTOP-HN7CVRU" failures="0" tests="4" name="practice.Test127" time="61.471" errors="0" timestamp="2023-09-02T12:41:26 IST" skipped="0">
  <testcase classname="practice.Test127" name="startRecording" time="0.302"/>
  <testcase classname="practice.Test127" name="paginationTesting" time="58.882"/>
  <testcase classname="practice.Test127" name="closeSite" time="0.215"/>
  <testcase classname="practice.Test127" name="stopRecording" time="2.072"/>
</testsuite> <!-- practice.Test127 -->
