<?xml version="1.0" encoding="UTF-8"?>
<!-- Generated by org.testng.reporters.JUnitReportReporter -->
<testsuite hostname="DESKTOP-HN7CVRU" failures="0" tests="8" name="practice.Test131" time="207.600" errors="0" timestamp="2023-09-09T08:23:17 IST" skipped="0">
  <testcase classname="practice.Test131" name="method1" time="0.188"/>
  <testcase classname="practice.Test131" name="method7" time="2.138"/>
  <testcase classname="practice.Test131" name="method2" time="14.308"/>
  <testcase classname="practice.Test131" name="method5" time="0.001"/>
  <testcase classname="practice.Test131" name="method3" time="48.914"/>
  <testcase classname="practice.Test131" name="method4" time="0.000"/>
  <testcase classname="practice.Test131" name="method8" time="139.960"/>
  <testcase classname="practice.Test131" name="method6" time="2.091"/>
</testsuite> <!-- practice.Test131 -->
