<?xml version="1.0" encoding="UTF-8"?>
<!-- Generated by org.testng.reporters.JUnitReportReporter -->
<testsuite hostname="DESKTOP-HN7CVRU" failures="0" tests="3" name="practice.Sample" time="0.013" errors="0" timestamp="2023-07-23T13:25:47 IST" skipped="0">
  <testcase classname="practice.Sample" name="amethod" time="0.009"/>
  <testcase classname="practice.Sample" name="methoda" time="0.002"/>
  <testcase classname="practice.Sample" name="method1" time="0.002"/>
</testsuite> <!-- practice.Sample -->
