<?xml version="1.0" encoding="UTF-8"?>
<!-- Generated by org.testng.reporters.JUnitReportReporter -->
<testsuite hostname="DESKTOP-HN7CVRU" failures="0" tests="4" name="practice.Test82" time="10.406" errors="0" timestamp="2023-08-03T08:24:46 IST" skipped="0">
  <testcase classname="practice.Test82" name="methoid1" time="10.164"/>
  <testcase classname="practice.Test82" name="methoid2" time="0.012"/>
  <testcase classname="practice.Test82" name="methoid3" time="0.030"/>
  <testcase classname="practice.Test82" name="methoid4" time="0.200"/>
</testsuite> <!-- practice.Test82 -->
