<?xml version="1.0" encoding="UTF-8"?>
<!-- Generated by org.testng.reporters.JUnitReportReporter -->
<testsuite hostname="DESKTOP-HN7CVRU" failures="0" tests="3" name="practice.Test77" time="14.039" errors="0" timestamp="2023-08-03T08:20:25 IST" skipped="0">
  <testcase classname="practice.Test77" name="method1" time="13.857"/>
  <testcase classname="practice.Test77" name="method2" time="0.073"/>
  <testcase classname="practice.Test77" name="method3" time="0.109"/>
</testsuite> <!-- practice.Test77 -->
