<?xml version="1.0" encoding="UTF-8"?>
<!-- Generated by org.testng.reporters.JUnitReportReporter -->
<testsuite hostname="DESKTOP-HN7CVRU" failures="0" tests="9" name="practice.Test158" time="76.351" errors="0" timestamp="2023-09-17T09:46:05 IST" skipped="0">
  <testcase classname="practice.Test158" name="accessPropertiesFile" time="0.011"/>
  <testcase classname="practice.Test158" name="accessExcelFile" time="0.758"/>
  <testcase classname="practice.Test158" name="openBrowser" time="2.239"/>
  <testcase classname="practice.Test158" name="launchSite" time="9.701"/>
  <testcase classname="practice.Test158" name="ddt" time="63.311">
    <system-out>
      <![CDATA[You are valid user
You are valid user
You are valid user
You are valid user]]>
    </system-out>
  </testcase> <!-- ddt -->
  <testcase classname="practice.Test158" name="saveExcelChanges" time="0.163"/>
  <testcase classname="practice.Test158" name="closeSite" time="0.166"/>
  <testcase classname="practice.Test158" name="zipExcel" time="0.001"/>
  <testcase classname="practice.Test158" name="sendEmail" time="0.001"/>
  <system-out>
    <![CDATA[You are valid user
You are valid user
You are valid user
You are valid user]]>
  </system-out>
</testsuite> <!-- practice.Test158 -->
